<?xml version="1.0" encoding="UTF-8"?><testsuites tests="2" errors="0" failures="0"  name="201 - SMART LIVEAPI BDD Schedule Tests" time="36">
  <testsuite id="0" tests="1" errors="0" failures="0"  skipped="0" name="SmartAPI_GetSchedules_v1_TestSuite" time="0">
    <testcase name="SmartAPI_GetSchedules_v1_TestSuite" classname="SmartAPI_GetSchedules_v1_TestSuite"  time="0" />
  </testsuite>
  <testsuite id="1" tests="1" errors="0" failures="0"  skipped="0" name="SmartAPI_GetSchedules_v1_1_TestSuite" time="0">
    <testcase name="SmartAPI_GetSchedules_v1_1_TestSuite" classname="SmartAPI_GetSchedules_v1_1_TestSuite"  time="0" />
  </testsuite>
</testsuites>