<?xml version="1.0" encoding="UTF-8"?><testsuites tests="6" errors="0" failures="1"  name="196 - SMART LIVEAPI BDD Encounter Tests" time="51">
  <testsuite id="0" tests="1" errors="0" failures="0"  skipped="0" name="SmartAPI_GetEncounters_v3_TestSuite" time="0">
    <testcase name="SmartAPI_GetEncounters_v3_TestSuite" classname="SmartAPI_GetEncounters_v3_TestSuite"  time="0" />
  </testsuite>
  <testsuite id="1" tests="1" errors="0" failures="0"  skipped="0" name="SmartAPI_GetEncounter_v3_1_TestSuite" time="0">
    <testcase name="SmartAPI_GetEncounter_v3_1_TestSuite" classname="SmartAPI_GetEncounter_v3_1_TestSuite"  time="0" />
  </testsuite>
  <testsuite id="2" tests="1" errors="0" failures="0"  skipped="0" name="SmartAPI_GetEncounter_v3_2_TestSuite" time="0">
    <testcase name="SmartAPI_GetEncounter_v3_2_TestSuite" classname="SmartAPI_GetEncounter_v3_2_TestSuite"  time="0" />
  </testsuite>
  <testsuite id="3" tests="1" errors="0" failures="0"  skipped="0" name="SmartAPI_GetEncounter_v3_TestSuite" time="0">
    <testcase name="SmartAPI_GetEncounter_v3_TestSuite" classname="SmartAPI_GetEncounter_v3_TestSuite"  time="0" />
  </testsuite>
  <testsuite id="4" tests="0" errors="0" failures="0"  skipped="0" name="SmartAPI_GetPatientEncounters_v3_2_TestSuite" time="0">
    <testcase name="SmartAPI_GetPatientEncounters_v3_2_TestSuite" classname="SmartAPI_GetPatientEncounters_v3_2_TestSuite"  time="0" />
  </testsuite>
  <testsuite id="5" tests="1" errors="0" failures="0"  skipped="0" name="SmartAPI_GetEncounters_v3_1_TestSuite" time="0">
    <testcase name="SmartAPI_GetEncounters_v3_1_TestSuite" classname="SmartAPI_GetEncounters_v3_1_TestSuite"  time="0" />
  </testsuite>
</testsuites>