<?xml version="1.0" encoding="UTF-8"?><testsuites tests="6" errors="0" failures="0"  name="192 - SMART LIVEAPI BDD InsurancePlan Tests" time="58">
  <testsuite id="0" tests="1" errors="0" failures="0"  skipped="0" name="SmartAPI_GetInsurancePlan_v1_1_TestSuite" time="0">
    <testcase name="SmartAPI_GetInsurancePlan_v1_1_TestSuite" classname="SmartAPI_GetInsurancePlan_v1_1_TestSuite"  time="0" />
  </testsuite>
  <testsuite id="1" tests="1" errors="0" failures="0"  skipped="0" name="SmartAPI_GetInsurancePlans_v1_TestSuite" time="0">
    <testcase name="SmartAPI_GetInsurancePlans_v1_TestSuite" classname="SmartAPI_GetInsurancePlans_v1_TestSuite"  time="0" />
  </testsuite>
  <testsuite id="2" tests="1" errors="0" failures="0"  skipped="0" name="SmartAPI_GetInsurancePlan_v1_2_TestSuite" time="0">
    <testcase name="SmartAPI_GetInsurancePlan_v1_2_TestSuite" classname="SmartAPI_GetInsurancePlan_v1_2_TestSuite"  time="0" />
  </testsuite>
  <testsuite id="3" tests="1" errors="0" failures="0"  skipped="0" name="SmartAPI_GetInsurancePlan_v1_TestSuite" time="0">
    <testcase name="SmartAPI_GetInsurancePlan_v1_TestSuite" classname="SmartAPI_GetInsurancePlan_v1_TestSuite"  time="0" />
  </testsuite>
  <testsuite id="4" tests="1" errors="0" failures="0"  skipped="0" name="SmartAPI_GetHasMyLuzAccount_v1_TestSuite" time="0">
    <testcase name="SmartAPI_GetHasMyLuzAccount_v1_TestSuite" classname="SmartAPI_GetHasMyLuzAccount_v1_TestSuite"  time="0" />
  </testsuite>
  <testsuite id="5" tests="1" errors="0" failures="0"  skipped="0" name="SmartAPI_GetInsurancePlans_v1_1_TestSuite" time="0">
    <testcase name="SmartAPI_GetInsurancePlans_v1_1_TestSuite" classname="SmartAPI_GetInsurancePlans_v1_1_TestSuite"  time="0" />
  </testsuite>
</testsuites>