<?xml version="1.0" encoding="UTF-8"?><testsuites tests="1" errors="0" failures="0"  name="263 - SmartFlow Kiosk" time="0">
  <testsuite id="0" tests="1" errors="0" failures="0"  skipped="0" name="FlowKiosk" time="0">
    <testcase name="Criação de quiosque" classname="FlowKiosk"  time="0" />
  </testsuite>
</testsuites>