<?xml version="1.0" encoding="UTF-8"?><testsuites tests="2" errors="0" failures="0"  name="202 - SMART LIVEAPI BDD Slot Tests" time="73">
  <testsuite id="0" tests="1" errors="0" failures="0"  skipped="0" name="SmartAPI_GetSlots_v1_TestSuite" time="0">
    <testcase name="SmartAPI_GetSlots_v1_TestSuite" classname="SmartAPI_GetSlots_v1_TestSuite"  time="0" />
  </testsuite>
  <testsuite id="1" tests="1" errors="0" failures="0"  skipped="0" name="SmartAPI_GetSlots_v1_1_TestSuite" time="0">
    <testcase name="SmartAPI_GetSlots_v1_1_TestSuite" classname="SmartAPI_GetSlots_v1_1_TestSuite"  time="0" />
  </testsuite>
</testsuites>