<?xml version="1.0" encoding="UTF-8"?><testsuites tests="7" errors="0" failures="0"  name="198 - SMART LIVEAPI BDD Patient Tests" time="64">
  <testsuite id="0" tests="1" errors="0" failures="0"  skipped="0" name="SmartAPI_GetMPI_v1_1_TestSuite" time="0">
    <testcase name="SmartAPI_GetMPI_v1_1_TestSuite" classname="SmartAPI_GetMPI_v1_1_TestSuite"  time="0" />
  </testsuite>
  <testsuite id="1" tests="1" errors="0" failures="0"  skipped="0" name="SmartAPI_GetPatient_v2_1_TestSuite" time="0">
    <testcase name="SmartAPI_GetPatient_v2_1_TestSuite" classname="SmartAPI_GetPatient_v2_1_TestSuite"  time="0" />
  </testsuite>
  <testsuite id="2" tests="1" errors="0" failures="0"  skipped="0" name="SmartAPI_GetPatient_v1_TestSuite" time="0">
    <testcase name="SmartAPI_GetPatient_v1_TestSuite" classname="SmartAPI_GetPatient_v1_TestSuite"  time="0" />
  </testsuite>
  <testsuite id="3" tests="1" errors="0" failures="0"  skipped="0" name="SmartAPI_GetPatient_v2_3_TestSuite" time="0">
    <testcase name="SmartAPI_GetPatient_v2_3_TestSuite" classname="SmartAPI_GetPatient_v2_3_TestSuite"  time="0" />
  </testsuite>
  <testsuite id="4" tests="1" errors="0" failures="0"  skipped="0" name="SmartAPI_GetPatient_v2_2_TestSuite" time="0">
    <testcase name="SmartAPI_GetPatient_v2_2_TestSuite" classname="SmartAPI_GetPatient_v2_2_TestSuite"  time="0" />
  </testsuite>
  <testsuite id="5" tests="1" errors="0" failures="0"  skipped="0" name="SmartAPI_GetMPI_v1_TestSuite" time="0">
    <testcase name="SmartAPI_GetMPI_v1_TestSuite" classname="SmartAPI_GetMPI_v1_TestSuite"  time="0" />
  </testsuite>
  <testsuite id="6" tests="1" errors="0" failures="0"  skipped="0" name="SmartAPI_GetPatients_v2_1_TestSuite" time="0">
    <testcase name="SmartAPI_GetPatients_v2_1_TestSuite" classname="SmartAPI_GetPatients_v2_1_TestSuite"  time="0" />
  </testsuite>
</testsuites>